*****************************
***********SYSTEM************
*****************************
Unity Version:2019.4.14f1
OS:Windows 10  (10.0.0) 64bit
System Time: 17/11/2021 12:21:44 AM

*****************************
***********PROJECT***********
*****************************
Scripting Define Symbols: TOBIIXR_HTCPROVIDER;CVR_VIVEPROEYE
Packages:
  com.unity.2d.sprite 1.0.0
  com.unity.2d.tilemap 1.0.0
  com.unity.collab-proxy 1.2.16
  com.unity.ide.rider 1.1.4
  com.unity.ide.vscode 1.2.2
  com.unity.multiplayer-hlapi 1.0.6
  com.unity.probuilder 4.4.0
  com.unity.progrids 3.0.3-preview.6
  com.unity.test-framework 1.1.18
  com.unity.textmeshpro 2.0.1
  com.unity.timeline 1.2.13
  com.unity.ugui 1.0.0
  com.unity.xr.legacyinputhelpers 2.1.4
  com.unity.xr.openvr.standalone 2.0.5
  com.unity.modules.ai 1.0.0
  com.unity.modules.androidjni 1.0.0
  com.unity.modules.animation 1.0.0
  com.unity.modules.assetbundle 1.0.0
  com.unity.modules.audio 1.0.0
  com.unity.modules.cloth 1.0.0
  com.unity.modules.director 1.0.0
  com.unity.modules.imageconversion 1.0.0
  com.unity.modules.imgui 1.0.0
  com.unity.modules.jsonserialize 1.0.0
  com.unity.modules.particlesystem 1.0.0
  com.unity.modules.physics 1.0.0
  com.unity.modules.physics2d 1.0.0
  com.unity.modules.screencapture 1.0.0
  com.unity.modules.terrain 1.0.0
  com.unity.modules.terrainphysics 1.0.0
  com.unity.modules.tilemap 1.0.0
  com.unity.modules.ui 1.0.0
  com.unity.modules.uielements 1.0.0
  com.unity.modules.umbra 1.0.0
  com.unity.modules.unityanalytics 1.0.0
  com.unity.modules.unitywebrequest 1.0.0
  com.unity.modules.unitywebrequestassetbundle 1.0.0
  com.unity.modules.unitywebrequestaudio 1.0.0
  com.unity.modules.unitywebrequesttexture 1.0.0
  com.unity.modules.unitywebrequestwww 1.0.0
  com.unity.modules.vehicles 1.0.0
  com.unity.modules.video 1.0.0
  com.unity.modules.vr 1.0.0
  com.unity.modules.wind 1.0.0
  com.unity.modules.xr 1.0.0
SDK Version: 0.26.8
Api Key: ****S8WQ
Developer Key: ****F5H0
Enable Logging: True
Enable Development Logging: False
Gaze Type: Physics
Snapshot Interval: 0.1
Dynamic Object Search in Parent: True
Dynamic Object Layer Mask: -1
Track GPS Location: False
GPS Sync with Player Update: False
GPS Update Interval: 1
GPS Accuracy: 2
Record Floor Position: True
Gaze Snapshot Batch Size: 64
Event Snapshot Batch Size: 64
Event Extreme Batch Size: 256
Event Minimum Timer: 2
Event Automatic Send Timer: 10
Dynamic Snapshot Batch Size: 64
Dynamic Extreme Batch Size: 256
Dynamic Minimum Timer: 2
Dynamic Automatic Send Timer: 10
Sensor Snapshot Batch Size: 64
Sensor Extreme Batch Size: 256
Sensor Minimum Timer: 6
Sensor Automatic Send Timer: 10
Fixation Snapshot Batch Size: 64
Fixation Extreme Batch Size: 2
Fixation Minimum Timer: 2
Fixation Automatic Send Timer: 10
Save Data to Local Cache if no internet connection: True
Cache Size (bytes): 104857600
Cache Size (mb): 100.0 MB
Custom Protocol: https
Custom Gateway: data.cognitive3d.com
Custom Viewer: viewer.cognitive3d.com/scene/
Custom Dashboard: app.cognitive3d.com
Send Data on HMD Remove: True
Send Data on Level Load: True
Send Data on Quit: True
Send Data on Hotkey: True
Send Data Primary Hotkey: F9
Send Data Hotkey Modifiers: True False False
Texture Export Quality: 1
Export Lowest LOD from LODGroup Components: True
Export AO Maps: False
Scene Settings:
  ├─ReadyRoom
  │  ├─Scene Id: 
  │  ├─Scene Path: Assets/CognitiveVR/ReadyRoom/ReadyRoom.unity
  │  ├─Last Revision: 0
  │  ├─Version Number: 1
  │  └─Version Id: 0
  ├─totalAsset
  │  ├─Scene Id: 
  │  ├─Scene Path: Assets/Imports/EyeGazeTankDemo/Imports/T-95/T95/Scene/totalAsset.unity
  │  ├─Last Revision: 0
  │  ├─Version Number: 1
  │  └─Version Id: 0
  ├─T90demo
  │  ├─Scene Id: 
  │  ├─Scene Path: Assets/Imports/EyeGazeTankDemo/Imports/T90/Demo/T90demo.unity
  │  ├─Last Revision: 0
  │  ├─Version Number: 1
  │  └─Version Id: 0
  ├─Test_Map
  │  ├─Scene Id: 
  │  ├─Scene Path: Assets/Imports/EyeGazeTankDemo/Imports/VRRoom/3D Free Modular Kit/Test_Map.unity
  │  ├─Last Revision: 0
  │  ├─Version Number: 1
  │  └─Version Id: 0
  ├─ViveTrackerTryOut
  │  ├─Scene Id: 
  │  ├─Scene Path: Assets/Imports/EyeGazeTankDemo/Scene/ViveTrackerTryOut.unity
  │  ├─Last Revision: 0
  │  ├─Version Number: 1
  │  └─Version Id: 0
  ├─VRGazeTank
  │  ├─Scene Id: 
  │  ├─Scene Path: Assets/Imports/EyeGazeTankDemo/Scene/VRGazeTank.unity
  │  ├─Last Revision: 0
  │  ├─Version Number: 1
  │  └─Version Id: 0
  ├─SteamVR_ForceSteamVRMode
  │  ├─Scene Id: 
  │  ├─Scene Path: Assets/Imports/SteamVR/Extras/SteamVR_ForceSteamVRMode.unity
  │  ├─Last Revision: 0
  │  ├─Version Number: 1
  │  └─Version Id: 0
  ├─SteamVR_LaserPointer
  │  ├─Scene Id: 
  │  ├─Scene Path: Assets/Imports/SteamVR/Extras/SteamVR_LaserPointer.unity
  │  ├─Last Revision: 0
  │  ├─Version Number: 1
  │  └─Version Id: 0
  ├─SteamVR_ShowTrackingReferences
  │  ├─Scene Id: 
  │  ├─Scene Path: Assets/Imports/SteamVR/Extras/SteamVR_ShowTrackingReferences.unity
  │  ├─Last Revision: 0
  │  ├─Version Number: 1
  │  └─Version Id: 0
  ├─SteamVR_TestIK
  │  ├─Scene Id: 
  │  ├─Scene Path: Assets/Imports/SteamVR/Extras/SteamVR_TestIK.unity
  │  ├─Last Revision: 0
  │  ├─Version Number: 1
  │  └─Version Id: 0
  ├─SteamVR_TestThrow
  │  ├─Scene Id: 
  │  ├─Scene Path: Assets/Imports/SteamVR/Extras/SteamVR_TestThrow.unity
  │  ├─Last Revision: 0
  │  ├─Version Number: 1
  │  └─Version Id: 0
  ├─SteamVR_TestTrackedCamera
  │  ├─Scene Id: 
  │  ├─Scene Path: Assets/Imports/SteamVR/Extras/SteamVR_TestTrackedCamera.unity
  │  ├─Last Revision: 0
  │  ├─Version Number: 1
  │  └─Version Id: 0
  ├─Interactions_Example
  │  ├─Scene Id: 
  │  ├─Scene Path: Assets/Imports/SteamVR/InteractionSystem/Samples/Interactions_Example.unity
  │  ├─Last Revision: 0
  │  ├─Version Number: 1
  │  └─Version Id: 0
  ├─Simple Sample
  │  ├─Scene Id: 
  │  ├─Scene Path: Assets/Imports/SteamVR/Simple Sample.unity
  │  ├─Last Revision: 0
  │  ├─Version Number: 1
  │  └─Version Id: 0
  ├─DevToolsSampleScene
  │  ├─Scene Id: 
  │  ├─Scene Path: Assets/Imports/TobiiXR/DevTools/DevToolsSampleScene.unity
  │  ├─Last Revision: 0
  │  ├─Version Number: 1
  │  └─Version Id: 0
  ├─Example_DataTransparency
  │  ├─Scene Id: 
  │  ├─Scene Path: Assets/Imports/TobiiXR/Examples/DataTransparency_Example/Example_DataTransparency.unity
  │  ├─Last Revision: 0
  │  ├─Version Number: 1
  │  └─Version Id: 0
  ├─Example_GettingStarted
  │  ├─Scene Id: 
  │  ├─Scene Path: Assets/Imports/TobiiXR/Examples/Example_GettingStarted.unity
  │  ├─Last Revision: 0
  │  ├─Version Number: 1
  │  └─Version Id: 0
  ├─Example_ObjectMapping
  │  ├─Scene Id: 
  │  ├─Scene Path: Assets/Imports/TobiiXR/Examples/Example_ObjectMapping.unity
  │  ├─Last Revision: 0
  │  ├─Version Number: 1
  │  └─Version Id: 0
  ├─Example_ObjectMapping_UI
  │  ├─Scene Id: 
  │  ├─Scene Path: Assets/Imports/TobiiXR/Examples/Example_ObjectMapping_UI.unity
  │  ├─Last Revision: 0
  │  ├─Version Number: 1
  │  └─Version Id: 0
  ├─Example_HandEyeCoordination
  │  ├─Scene Id: 
  │  ├─Scene Path: Assets/Imports/TobiiXR/Examples/HandEyeCoordination_Example/Scenes/Example_HandEyeCoordination.unity
  │  ├─Last Revision: 0
  │  ├─Version Number: 1
  │  └─Version Id: 0
  ├─Example_Social
  │  ├─Scene Id: 
  │  ├─Scene Path: Assets/Imports/TobiiXR/Examples/Social_Example/Scenes/Example_Social.unity
  │  ├─Last Revision: 0
  │  ├─Version Number: 1
  │  └─Version Id: 0
  ├─Example_UI_TouchpadMenu
  │  ├─Scene Id: 
  │  ├─Scene Path: Assets/Imports/TobiiXR/Examples/UI_Example/Scenes/Example_UI_TouchpadMenu.unity
  │  ├─Last Revision: 0
  │  ├─Version Number: 1
  │  └─Version Id: 0
  ├─Example_UI_TriggerMenu
  │  ├─Scene Id: 
  │  ├─Scene Path: Assets/Imports/TobiiXR/Examples/UI_Example/Scenes/Example_UI_TriggerMenu.unity
  │  ├─Last Revision: 0
  │  ├─Version Number: 1
  │  └─Version Id: 0
  ├─CustomGesture
  │  ├─Scene Id: 
  │  ├─Scene Path: Assets/Imports/ViveHandTracking/Sample/CustomGesture.unity
  │  ├─Last Revision: 0
  │  ├─Version Number: 1
  │  └─Version Id: 0
  ├─Sample
  │  ├─Scene Id: 
  │  ├─Scene Path: Assets/Imports/ViveHandTracking/Sample/Sample.unity
  │  ├─Last Revision: 0
  │  ├─Version Number: 1
  │  └─Version Id: 0
  ├─Test_WaveVR
  │  ├─Scene Id: 
  │  ├─Scene Path: Assets/Imports/ViveHandTracking/Sample/Test_WaveVR.unity
  │  ├─Last Revision: 0
  │  ├─Version Number: 1
  │  └─Version Id: 0
  ├─UISample
  │  ├─Scene Id: 
  │  ├─Scene Path: Assets/Imports/ViveHandTracking/Sample/UISample.unity
  │  ├─Last Revision: 0
  │  ├─Version Number: 1
  │  └─Version Id: 0
  ├─EyeSample
  │  ├─Scene Id: 
  │  ├─Scene Path: Assets/Imports/ViveSR/Scenes/Eye/EyeSample.unity
  │  ├─Last Revision: 0
  │  ├─Version Number: 1
  │  └─Version Id: 0
  ├─EyeSample_v2
  │  ├─Scene Id: 
  │  ├─Scene Path: Assets/Imports/ViveSR/Scenes/Eye/EyeSample_v2.unity
  │  ├─Last Revision: 0
  │  ├─Version Number: 1
  │  └─Version Id: 0
  ├─LipSample
  │  ├─Scene Id: 
  │  ├─Scene Path: Assets/Imports/ViveSR/Scenes/Lip/LipSample.unity
  │  ├─Last Revision: 0
  │  ├─Version Number: 1
  │  └─Version Id: 0
  ├─LipSample_v2
  │  ├─Scene Id: 
  │  ├─Scene Path: Assets/Imports/ViveSR/Scenes/Lip/LipSample_v2.unity
  │  ├─Last Revision: 0
  │  ├─Version Number: 1
  │  └─Version Id: 0
  ├─Main Testbed
  │  ├─Scene Id: 
  │  ├─Scene Path: Assets/Scenes/Experimental/Main Testbed.unity
  │  ├─Last Revision: 0
  │  ├─Version Number: 1
  │  └─Version Id: 0
  ├─Primary Task
  │  ├─Scene Id: 
  │  ├─Scene Path: Assets/Scenes/Experimental/Primary Task.unity
  │  ├─Last Revision: 0
  │  ├─Version Number: 1
  │  └─Version Id: 0
  ├─ProBuilderTry
  │  ├─Scene Id: 
  │  ├─Scene Path: Assets/Scenes/Experimental/ProBuilderTry.unity
  │  ├─Last Revision: 0
  │  ├─Version Number: 1
  │  └─Version Id: 0
  ├─Secondary Task - Color Change
  │  ├─Scene Id: 
  │  ├─Scene Path: Assets/Scenes/Experimental/Secondary Task - Color Change.unity
  │  ├─Last Revision: 0
  │  ├─Version Number: 1
  │  └─Version Id: 0
  ├─Task 1 - Primary Task Gaze & Cont
  │  ├─Scene Id: 
  │  ├─Scene Path: Assets/Scenes/Experimental/Task 1 - Primary Task Gaze & Cont.unity
  │  ├─Last Revision: 0
  │  ├─Version Number: 1
  │  └─Version Id: 0
  ├─Task 1 - Primary Task
  │  ├─Scene Id: 
  │  ├─Scene Path: Assets/Scenes/Experimental/Task 1 - Primary Task.unity
  │  ├─Last Revision: 0
  │  ├─Version Number: 1
  │  └─Version Id: 0
  ├─TestBed - Randomization
  │  ├─Scene Id: 
  │  ├─Scene Path: Assets/Scenes/Experimental/TestBed - Randomization.unity
  │  ├─Last Revision: 0
  │  ├─Version Number: 1
  │  └─Version Id: 0
  ├─FixationDebug
  │  ├─Scene Id: 
  │  ├─Scene Path: Assets/Scenes/FixationDebug.unity
  │  ├─Last Revision: 0
  │  ├─Version Number: 1
  │  └─Version Id: 0
  ├─FYP - PlayAreaSetup
  │  ├─Scene Id: 
  │  ├─Scene Path: Assets/Scenes/FYP - PlayAreaSetup.unity
  │  ├─Last Revision: 0
  │  ├─Version Number: 1
  │  └─Version Id: 0
  └─Main Testbed Final
     ├─Scene Id: 
     ├─Scene Path: Assets/Scenes/Main Testbed Final.unity
     ├─Last Revision: 0
     ├─Version Number: 1
     └─Version Id: 0

*****************************
********CURRENT SCENE********
*****************************
Scene Name: FixationDebug
Scene Id: 
Scene Path: Assets/Scenes/FixationDebug.unity
Last Revision: 0
Version Number: 1
Version Id: 0
Scene Size (mb): 0.01
Main Camera GameObject: Main Camera
Manager Initialize On Start: True
Manager Startup Delay Time (s): 2

*****************************
****CURRENT SCENE OBJECTS****
*****************************
Dynamic Object Count: 3
  ├─Target 2
  │  ├─Mesh Name: target_2
  │  ├─Has Collider: true
  │  ├─Collider Type: UnityEngine.BoxCollider
  │  ├─Has Children: true
  │  └─Has Child Colliders: false
  ├─Target 3
  │  ├─Mesh Name: target_3
  │  ├─Has Collider: true
  │  ├─Collider Type: UnityEngine.BoxCollider
  │  ├─Has Children: true
  │  └─Has Child Colliders: false
  └─Target 1
     ├─Mesh Name: target_1
     ├─Has Collider: true
     ├─Collider Type: UnityEngine.BoxCollider
     ├─Has Children: true
     └─Has Child Colliders: false

*****************************
********EXPORT FOLDER********
*****************************
/CognitiveVR_SceneExplorerExport (0mb)
   /Dynamic (0.14mb)
      /target_1 (0.05mb)
         371857150Canvas_(1)Main.png (0.01mb)
         cvr_object_thumbnail.png (0.03mb)
         target_1.bin (0.00mb)
         target_1.gltf (0.01mb)
      /target_2 (0.05mb)
         371857150Canvas_(2)Main.png (0.01mb)
         cvr_object_thumbnail.png (0.03mb)
         target_2.bin (0.00mb)
         target_2.gltf (0.01mb)
      /target_3 (0.05mb)
         371857150CanvasMain.png (0.01mb)
         cvr_object_thumbnail.png (0.03mb)
         target_3.bin (0.00mb)
         target_3.gltf (0.01mb)
   /FixationDebug (0.01mb)
      scene.bin (0.01mb)
      scene.gltf (0.00mb)
      settings.json (0.00mb)
